  Activating project at `~/git/AirChem.jl`
ERROR: LoadError: TaskFailedException

    nested task error: UndefVarError: `process_file` not defined in `Main`
    Stacktrace:
     [1] macro expansion
       @ ~/git/AirChem.jl/extract_test.jl:28 [inlined]
     [2] (::var"#3#threadsfor_fun#2"{var"#3#threadsfor_fun#1#3"{Base.OneTo{Int64}}})(tid::Int64; onethread::Bool)
       @ Main ./threadingconstructs.jl:253
     [3] #3#threadsfor_fun
       @ ./threadingconstructs.jl:220 [inlined]
     [4] (::Base.Threads.var"#1#2"{var"#3#threadsfor_fun#2"{var"#3#threadsfor_fun#1#3"{Base.OneTo{Int64}}}, Int64})()
       @ Base.Threads ./threadingconstructs.jl:154

...and 22 more exceptions.

Stacktrace:
 [1] threading_run(fun::var"#3#threadsfor_fun#2"{var"#3#threadsfor_fun#1#3"{Base.OneTo{Int64}}}, static::Bool)
   @ Base.Threads ./threadingconstructs.jl:173
 [2] macro expansion
   @ ./threadingconstructs.jl:190 [inlined]
 [3] top-level scope
   @ ~/git/AirChem.jl/extract_test.jl:189
in expression starting at /home/fs71391/cschmidt/git/AirChem.jl/extract_test.jl:27
